0 info it worked if it ends with ok
1 verbose cli [ 'D:\\commonTool\\node\\node.exe',
1 verbose cli   'D:\\commonTool\\node\\node_global\\node_modules\\cnpm\\node_modules\\npm\\bin\\npm-cli.js',
1 verbose cli   '--userconfig=C:\\Users\\Administrator\\.cnpmrc',
1 verbose cli   '--disturl=https://npm.taobao.org/mirrors/node',
1 verbose cli   '--registry=https://registry.npm.taobao.org',
1 verbose cli   'run',
1 verbose cli   'dev' ]
2 info using npm@3.10.10
3 info using node@v4.4.3
4 verbose run-script [ 'predev', 'dev', 'postdev' ]
5 info lifecycle iview-project@1.0.2~predev: iview-project@1.0.2
6 silly lifecycle iview-project@1.0.2~predev: no script for predev, continuing
7 info lifecycle iview-project@1.0.2~dev: iview-project@1.0.2
8 verbose lifecycle iview-project@1.0.2~dev: unsafe-perm in lifecycle true
9 verbose lifecycle iview-project@1.0.2~dev: PATH: D:\commonTool\node\node_global\node_modules\cnpm\node_modules\npm\bin\node-gyp-bin;E:\BISHE\vue\vue\iview-project-master\node_modules\.bin;C:\ProgramData\Oracle\Java\javapath;C:\Windows\system32;C:\Windows;C:\Windows\System32\Wbem;C:\Windows\System32\WindowsPowerShell\v1.0\;D:\commonTool\xampp\mysql\bin;%JAVA_HOME%\bin;%JAVA_HOME%\jre\bin;D:\elseTool\rose\Rational\Common;D:\commonTool\node\;D:\commonTool\node\node_global;C:\Users\Administrator\AppData\Roaming\npm
10 verbose lifecycle iview-project@1.0.2~dev: CWD: E:\BISHE\vue\vue\iview-project-master
11 silly lifecycle iview-project@1.0.2~dev: Args: [ '/d /s /c',
11 silly lifecycle   'webpack-dev-server --inline --hot --compress --history-api-fallback --config webpack.dev.config.js --port 8010' ]
12 verbose stack Error: kill ENOSYS
12 verbose stack     at exports._errnoException (util.js:870:11)
12 verbose stack     at process.kill (node.js:777:15)
12 verbose stack     at process.listener (D:\commonTool\node\node_global\node_modules\cnpm\node_modules\npm\node_modules\npmlog\node_modules\gauge\node_modules\signal-exit\index.js:86:15)
12 verbose stack     at emitNone (events.js:72:20)
12 verbose stack     at process.emit (events.js:166:7)
12 verbose stack     at processEmit (D:\commonTool\node\node_global\node_modules\cnpm\node_modules\npm\node_modules\npmlog\node_modules\gauge\node_modules\signal-exit\index.js:146:32)
12 verbose stack     at processEmit (D:\commonTool\node\node_global\node_modules\cnpm\node_modules\npm\node_modules\npm-registry-client\node_modules\npmlog\node_modules\gauge\node_modules\signal-exit\index.js:146:32)
12 verbose stack     at Signal.wrap.onsignal (node.js:804:46)
13 verbose cwd E:\BISHE\vue\vue\iview-project-master
14 error Windows_NT 6.1.7601
15 error argv "D:\\commonTool\\node\\node.exe" "D:\\commonTool\\node\\node_global\\node_modules\\cnpm\\node_modules\\npm\\bin\\npm-cli.js" "--userconfig=C:\\Users\\Administrator\\.cnpmrc" "--disturl=https://npm.taobao.org/mirrors/node" "--registry=https://registry.npm.taobao.org" "run" "dev"
16 error node v4.4.3
17 error npm  v3.10.10
18 error code ENOSYS
19 error errno ENOSYS
20 error syscall kill
21 error kill ENOSYS
22 error If you need help, you may report this error at:
22 error     <https://github.com/npm/npm/issues>
23 verbose exit [ 1, true ]
